<?xml version="1.0" encoding="UTF-8"?>
<!-- Generated by org.testng.reporters.JUnitReportReporter -->
<testsuite skipped="0" hostname="DESKTOP-E54VLCP" name="com.crm.qa.testcases.LoginPageTest" tests="1" failures="0" timestamp="23 Oct 2020 07:26:13 GMT" time="12.931" errors="0">
  <testcase name="loginTest" time="12.931" classname="com.crm.qa.testcases.LoginPageTest"/>
</testsuite> <!-- com.crm.qa.testcases.LoginPageTest -->
