<?xml version="1.0" encoding="UTF-8"?>
<!-- Generated by org.testng.reporters.JUnitReportReporter -->
<testsuite skipped="1" hostname="DESKTOP-E54VLCP" name="com.crm.qa.testcases.ContactsPageTest" tests="2" failures="0" timestamp="22 Oct 2020 22:44:39 GMT" time="14.095" errors="0">
  <testcase name="fillNewContactInfor" time="13.463" classname="com.crm.qa.testcases.ContactsPageTest">
    <skipped/>
  </testcase> <!-- fillNewContactInfor -->
  <testcase name="checkExistingContact" time="0.632" classname="com.crm.qa.testcases.ContactsPageTest"/>
</testsuite> <!-- com.crm.qa.testcases.ContactsPageTest -->
