<?xml version="1.0" encoding="UTF-8"?>
<!-- Generated by org.testng.reporters.JUnitReportReporter -->
<testsuite skipped="0" hostname="DESKTOP-E54VLCP" name="com.crm.qa.testcases.HomePageTest" tests="3" failures="0" timestamp="22 Oct 2020 22:44:39 GMT" time="34.752" errors="0">
  <testcase name="verifyHomePageTitleTest" time="11.164" classname="com.crm.qa.testcases.HomePageTest"/>
  <testcase name="verifyUsernameLable" time="11.562" classname="com.crm.qa.testcases.HomePageTest"/>
  <testcase name="verifyContactLink" time="12.026" classname="com.crm.qa.testcases.HomePageTest"/>
</testsuite> <!-- com.crm.qa.testcases.HomePageTest -->
